<?xml version="1.0" encoding="UTF-8"?>
<testsuite xmlns:xsi="http://www.w3.org/2001/XMLSchema-instance" xsi:noNamespaceSchemaLocation="https://maven.apache.org/surefire/maven-surefire-plugin/xsd/surefire-test-report.xsd" name="org.hj.boot.TestMP" time="3.261" tests="5" errors="0" skipped="0" failures="0">
  <properties>
    <property name="sun.desktop" value="windows"/>
    <property name="awt.toolkit" value="sun.awt.windows.WToolkit"/>
    <property name="java.specification.version" value="11"/>
    <property name="sun.cpu.isalist" value="amd64"/>
    <property name="sun.jnu.encoding" value="GBK"/>
    <property name="java.class.path" value="D:\Demo\java12_boot01\demo01\target\test-classes;D:\Demo\java12_boot01\demo01\target\classes;D:\MyMavenRepository\org\springframework\boot\spring-boot-starter-web\2.7.5\spring-boot-starter-web-2.7.5.jar;D:\MyMavenRepository\org\springframework\boot\spring-boot-starter\2.7.5\spring-boot-starter-2.7.5.jar;D:\MyMavenRepository\org\springframework\boot\spring-boot-starter-logging\2.7.5\spring-boot-starter-logging-2.7.5.jar;D:\MyMavenRepository\ch\qos\logback\logback-classic\1.2.11\logback-classic-1.2.11.jar;D:\MyMavenRepository\ch\qos\logback\logback-core\1.2.11\logback-core-1.2.11.jar;D:\MyMavenRepository\org\apache\logging\log4j\log4j-to-slf4j\2.17.2\log4j-to-slf4j-2.17.2.jar;D:\MyMavenRepository\org\apache\logging\log4j\log4j-api\2.17.2\log4j-api-2.17.2.jar;D:\MyMavenRepository\org\slf4j\jul-to-slf4j\1.7.36\jul-to-slf4j-1.7.36.jar;D:\MyMavenRepository\jakarta\annotation\jakarta.annotation-api\1.3.5\jakarta.annotation-api-1.3.5.jar;D:\MyMavenRepository\org\yaml\snakeyaml\1.30\snakeyaml-1.30.jar;D:\MyMavenRepository\org\springframework\boot\spring-boot-starter-json\2.7.5\spring-boot-starter-json-2.7.5.jar;D:\MyMavenRepository\com\fasterxml\jackson\core\jackson-databind\2.13.4.2\jackson-databind-2.13.4.2.jar;D:\MyMavenRepository\com\fasterxml\jackson\core\jackson-annotations\2.13.4\jackson-annotations-2.13.4.jar;D:\MyMavenRepository\com\fasterxml\jackson\core\jackson-core\2.13.4\jackson-core-2.13.4.jar;D:\MyMavenRepository\com\fasterxml\jackson\datatype\jackson-datatype-jdk8\2.13.4\jackson-datatype-jdk8-2.13.4.jar;D:\MyMavenRepository\com\fasterxml\jackson\datatype\jackson-datatype-jsr310\2.13.4\jackson-datatype-jsr310-2.13.4.jar;D:\MyMavenRepository\com\fasterxml\jackson\module\jackson-module-parameter-names\2.13.4\jackson-module-parameter-names-2.13.4.jar;D:\MyMavenRepository\org\springframework\boot\spring-boot-starter-tomcat\2.7.5\spring-boot-starter-tomcat-2.7.5.jar;D:\MyMavenRepository\org\apache\tomcat\embed\tomcat-embed-core\9.0.68\tomcat-embed-core-9.0.68.jar;D:\MyMavenRepository\org\apache\tomcat\embed\tomcat-embed-el\9.0.68\tomcat-embed-el-9.0.68.jar;D:\MyMavenRepository\org\apache\tomcat\embed\tomcat-embed-websocket\9.0.68\tomcat-embed-websocket-9.0.68.jar;D:\MyMavenRepository\org\springframework\spring-web\5.3.23\spring-web-5.3.23.jar;D:\MyMavenRepository\org\springframework\spring-beans\5.3.23\spring-beans-5.3.23.jar;D:\MyMavenRepository\org\springframework\spring-webmvc\5.3.23\spring-webmvc-5.3.23.jar;D:\MyMavenRepository\org\springframework\spring-aop\5.3.23\spring-aop-5.3.23.jar;D:\MyMavenRepository\org\springframework\spring-context\5.3.23\spring-context-5.3.23.jar;D:\MyMavenRepository\org\springframework\spring-expression\5.3.23\spring-expression-5.3.23.jar;D:\MyMavenRepository\org\projectlombok\lombok\1.18.24\lombok-1.18.24.jar;D:\MyMavenRepository\org\springframework\boot\spring-boot-devtools\2.7.5\spring-boot-devtools-2.7.5.jar;D:\MyMavenRepository\org\springframework\boot\spring-boot\2.7.5\spring-boot-2.7.5.jar;D:\MyMavenRepository\org\springframework\boot\spring-boot-autoconfigure\2.7.5\spring-boot-autoconfigure-2.7.5.jar;D:\MyMavenRepository\org\springframework\boot\spring-boot-configuration-processor\2.7.5\spring-boot-configuration-processor-2.7.5.jar;D:\MyMavenRepository\com\baomidou\mybatis-plus-boot-starter\3.5.2\mybatis-plus-boot-starter-3.5.2.jar;D:\MyMavenRepository\com\baomidou\mybatis-plus\3.5.2\mybatis-plus-3.5.2.jar;D:\MyMavenRepository\com\baomidou\mybatis-plus-extension\3.5.2\mybatis-plus-extension-3.5.2.jar;D:\MyMavenRepository\com\baomidou\mybatis-plus-core\3.5.2\mybatis-plus-core-3.5.2.jar;D:\MyMavenRepository\com\baomidou\mybatis-plus-annotation\3.5.2\mybatis-plus-annotation-3.5.2.jar;D:\MyMavenRepository\com\github\jsqlparser\jsqlparser\4.4\jsqlparser-4.4.jar;D:\MyMavenRepository\org\mybatis\mybatis\3.5.10\mybatis-3.5.10.jar;D:\MyMavenRepository\org\mybatis\mybatis-spring\2.0.7\mybatis-spring-2.0.7.jar;D:\MyMavenRepository\org\jetbrains\kotlin\kotlin-stdlib-jdk8\1.6.21\kotlin-stdlib-jdk8-1.6.21.jar;D:\MyMavenRepository\org\jetbrains\kotlin\kotlin-stdlib\1.6.21\kotlin-stdlib-1.6.21.jar;D:\MyMavenRepository\org\jetbrains\kotlin\kotlin-stdlib-common\1.6.21\kotlin-stdlib-common-1.6.21.jar;D:\MyMavenRepository\org\jetbrains\annotations\13.0\annotations-13.0.jar;D:\MyMavenRepository\org\jetbrains\kotlin\kotlin-stdlib-jdk7\1.6.21\kotlin-stdlib-jdk7-1.6.21.jar;D:\MyMavenRepository\org\springframework\boot\spring-boot-starter-jdbc\2.7.5\spring-boot-starter-jdbc-2.7.5.jar;D:\MyMavenRepository\com\zaxxer\HikariCP\4.0.3\HikariCP-4.0.3.jar;D:\MyMavenRepository\org\springframework\spring-jdbc\5.3.23\spring-jdbc-5.3.23.jar;D:\MyMavenRepository\org\springframework\spring-tx\5.3.23\spring-tx-5.3.23.jar;D:\MyMavenRepository\com\alibaba\druid\1.1.10\druid-1.1.10.jar;D:\MyMavenRepository\com\mysql\mysql-connector-j\8.0.31\mysql-connector-j-8.0.31.jar;D:\MyMavenRepository\org\springframework\boot\spring-boot-starter-test\2.7.5\spring-boot-starter-test-2.7.5.jar;D:\MyMavenRepository\org\springframework\boot\spring-boot-test\2.7.5\spring-boot-test-2.7.5.jar;D:\MyMavenRepository\org\springframework\boot\spring-boot-test-autoconfigure\2.7.5\spring-boot-test-autoconfigure-2.7.5.jar;D:\MyMavenRepository\com\jayway\jsonpath\json-path\2.7.0\json-path-2.7.0.jar;D:\MyMavenRepository\net\minidev\json-smart\2.4.8\json-smart-2.4.8.jar;D:\MyMavenRepository\net\minidev\accessors-smart\2.4.8\accessors-smart-2.4.8.jar;D:\MyMavenRepository\org\ow2\asm\asm\9.1\asm-9.1.jar;D:\MyMavenRepository\jakarta\xml\bind\jakarta.xml.bind-api\2.3.3\jakarta.xml.bind-api-2.3.3.jar;D:\MyMavenRepository\jakarta\activation\jakarta.activation-api\1.2.2\jakarta.activation-api-1.2.2.jar;D:\MyMavenRepository\org\assertj\assertj-core\3.22.0\assertj-core-3.22.0.jar;D:\MyMavenRepository\org\hamcrest\hamcrest\2.2\hamcrest-2.2.jar;D:\MyMavenRepository\org\junit\jupiter\junit-jupiter\5.8.2\junit-jupiter-5.8.2.jar;D:\MyMavenRepository\org\junit\jupiter\junit-jupiter-api\5.8.2\junit-jupiter-api-5.8.2.jar;D:\MyMavenRepository\org\opentest4j\opentest4j\1.2.0\opentest4j-1.2.0.jar;D:\MyMavenRepository\org\junit\platform\junit-platform-commons\1.8.2\junit-platform-commons-1.8.2.jar;D:\MyMavenRepository\org\apiguardian\apiguardian-api\1.1.2\apiguardian-api-1.1.2.jar;D:\MyMavenRepository\org\junit\jupiter\junit-jupiter-params\5.8.2\junit-jupiter-params-5.8.2.jar;D:\MyMavenRepository\org\junit\jupiter\junit-jupiter-engine\5.8.2\junit-jupiter-engine-5.8.2.jar;D:\MyMavenRepository\org\junit\platform\junit-platform-engine\1.8.2\junit-platform-engine-1.8.2.jar;D:\MyMavenRepository\org\mockito\mockito-core\4.5.1\mockito-core-4.5.1.jar;D:\MyMavenRepository\net\bytebuddy\byte-buddy\1.12.18\byte-buddy-1.12.18.jar;D:\MyMavenRepository\net\bytebuddy\byte-buddy-agent\1.12.18\byte-buddy-agent-1.12.18.jar;D:\MyMavenRepository\org\objenesis\objenesis\3.2\objenesis-3.2.jar;D:\MyMavenRepository\org\mockito\mockito-junit-jupiter\4.5.1\mockito-junit-jupiter-4.5.1.jar;D:\MyMavenRepository\org\skyscreamer\jsonassert\1.5.1\jsonassert-1.5.1.jar;D:\MyMavenRepository\com\vaadin\external\google\android-json\0.0.20131108.vaadin1\android-json-0.0.20131108.vaadin1.jar;D:\MyMavenRepository\org\springframework\spring-core\5.3.23\spring-core-5.3.23.jar;D:\MyMavenRepository\org\springframework\spring-jcl\5.3.23\spring-jcl-5.3.23.jar;D:\MyMavenRepository\org\springframework\spring-test\5.3.23\spring-test-5.3.23.jar;D:\MyMavenRepository\org\xmlunit\xmlunit-core\2.9.0\xmlunit-core-2.9.0.jar;D:\MyMavenRepository\org\thymeleaf\thymeleaf-spring5\3.0.15.RELEASE\thymeleaf-spring5-3.0.15.RELEASE.jar;D:\MyMavenRepository\org\thymeleaf\thymeleaf\3.0.15.RELEASE\thymeleaf-3.0.15.RELEASE.jar;D:\MyMavenRepository\org\attoparser\attoparser\2.0.5.RELEASE\attoparser-2.0.5.RELEASE.jar;D:\MyMavenRepository\org\unbescape\unbescape\1.1.6.RELEASE\unbescape-1.1.6.RELEASE.jar;D:\MyMavenRepository\org\slf4j\slf4j-api\1.7.36\slf4j-api-1.7.36.jar;"/>
    <property name="java.vm.vendor" value="Oracle Corporation"/>
    <property name="sun.arch.data.model" value="64"/>
    <property name="user.variant" value=""/>
    <property name="java.vendor.url" value="https://openjdk.java.net/"/>
    <property name="user.timezone" value="Asia/Shanghai"/>
    <property name="java.vm.specification.version" value="11"/>
    <property name="os.name" value="Windows 10"/>
    <property name="sun.java.launcher" value="SUN_STANDARD"/>
    <property name="user.country" value="CN"/>
    <property name="sun.boot.library.path" value="C:\Program Files\Java\jdk-11.0.16\bin"/>
    <property name="sun.java.command" value="C:\Users\ADMINI~1\AppData\Local\Temp\surefire13999728007532784413\surefirebooter1464287423979442277.jar C:\Users\Administrator\AppData\Local\Temp\surefire13999728007532784413 2023-02-24T20-27-11_860-jvmRun1 surefire10790807805183111050tmp surefire_013258639487904346600tmp"/>
    <property name="jdk.debug" value="release"/>
    <property name="surefire.test.class.path" value="D:\Demo\java12_boot01\demo01\target\test-classes;D:\Demo\java12_boot01\demo01\target\classes;D:\MyMavenRepository\org\springframework\boot\spring-boot-starter-web\2.7.5\spring-boot-starter-web-2.7.5.jar;D:\MyMavenRepository\org\springframework\boot\spring-boot-starter\2.7.5\spring-boot-starter-2.7.5.jar;D:\MyMavenRepository\org\springframework\boot\spring-boot-starter-logging\2.7.5\spring-boot-starter-logging-2.7.5.jar;D:\MyMavenRepository\ch\qos\logback\logback-classic\1.2.11\logback-classic-1.2.11.jar;D:\MyMavenRepository\ch\qos\logback\logback-core\1.2.11\logback-core-1.2.11.jar;D:\MyMavenRepository\org\apache\logging\log4j\log4j-to-slf4j\2.17.2\log4j-to-slf4j-2.17.2.jar;D:\MyMavenRepository\org\apache\logging\log4j\log4j-api\2.17.2\log4j-api-2.17.2.jar;D:\MyMavenRepository\org\slf4j\jul-to-slf4j\1.7.36\jul-to-slf4j-1.7.36.jar;D:\MyMavenRepository\jakarta\annotation\jakarta.annotation-api\1.3.5\jakarta.annotation-api-1.3.5.jar;D:\MyMavenRepository\org\yaml\snakeyaml\1.30\snakeyaml-1.30.jar;D:\MyMavenRepository\org\springframework\boot\spring-boot-starter-json\2.7.5\spring-boot-starter-json-2.7.5.jar;D:\MyMavenRepository\com\fasterxml\jackson\core\jackson-databind\2.13.4.2\jackson-databind-2.13.4.2.jar;D:\MyMavenRepository\com\fasterxml\jackson\core\jackson-annotations\2.13.4\jackson-annotations-2.13.4.jar;D:\MyMavenRepository\com\fasterxml\jackson\core\jackson-core\2.13.4\jackson-core-2.13.4.jar;D:\MyMavenRepository\com\fasterxml\jackson\datatype\jackson-datatype-jdk8\2.13.4\jackson-datatype-jdk8-2.13.4.jar;D:\MyMavenRepository\com\fasterxml\jackson\datatype\jackson-datatype-jsr310\2.13.4\jackson-datatype-jsr310-2.13.4.jar;D:\MyMavenRepository\com\fasterxml\jackson\module\jackson-module-parameter-names\2.13.4\jackson-module-parameter-names-2.13.4.jar;D:\MyMavenRepository\org\springframework\boot\spring-boot-starter-tomcat\2.7.5\spring-boot-starter-tomcat-2.7.5.jar;D:\MyMavenRepository\org\apache\tomcat\embed\tomcat-embed-core\9.0.68\tomcat-embed-core-9.0.68.jar;D:\MyMavenRepository\org\apache\tomcat\embed\tomcat-embed-el\9.0.68\tomcat-embed-el-9.0.68.jar;D:\MyMavenRepository\org\apache\tomcat\embed\tomcat-embed-websocket\9.0.68\tomcat-embed-websocket-9.0.68.jar;D:\MyMavenRepository\org\springframework\spring-web\5.3.23\spring-web-5.3.23.jar;D:\MyMavenRepository\org\springframework\spring-beans\5.3.23\spring-beans-5.3.23.jar;D:\MyMavenRepository\org\springframework\spring-webmvc\5.3.23\spring-webmvc-5.3.23.jar;D:\MyMavenRepository\org\springframework\spring-aop\5.3.23\spring-aop-5.3.23.jar;D:\MyMavenRepository\org\springframework\spring-context\5.3.23\spring-context-5.3.23.jar;D:\MyMavenRepository\org\springframework\spring-expression\5.3.23\spring-expression-5.3.23.jar;D:\MyMavenRepository\org\projectlombok\lombok\1.18.24\lombok-1.18.24.jar;D:\MyMavenRepository\org\springframework\boot\spring-boot-devtools\2.7.5\spring-boot-devtools-2.7.5.jar;D:\MyMavenRepository\org\springframework\boot\spring-boot\2.7.5\spring-boot-2.7.5.jar;D:\MyMavenRepository\org\springframework\boot\spring-boot-autoconfigure\2.7.5\spring-boot-autoconfigure-2.7.5.jar;D:\MyMavenRepository\org\springframework\boot\spring-boot-configuration-processor\2.7.5\spring-boot-configuration-processor-2.7.5.jar;D:\MyMavenRepository\com\baomidou\mybatis-plus-boot-starter\3.5.2\mybatis-plus-boot-starter-3.5.2.jar;D:\MyMavenRepository\com\baomidou\mybatis-plus\3.5.2\mybatis-plus-3.5.2.jar;D:\MyMavenRepository\com\baomidou\mybatis-plus-extension\3.5.2\mybatis-plus-extension-3.5.2.jar;D:\MyMavenRepository\com\baomidou\mybatis-plus-core\3.5.2\mybatis-plus-core-3.5.2.jar;D:\MyMavenRepository\com\baomidou\mybatis-plus-annotation\3.5.2\mybatis-plus-annotation-3.5.2.jar;D:\MyMavenRepository\com\github\jsqlparser\jsqlparser\4.4\jsqlparser-4.4.jar;D:\MyMavenRepository\org\mybatis\mybatis\3.5.10\mybatis-3.5.10.jar;D:\MyMavenRepository\org\mybatis\mybatis-spring\2.0.7\mybatis-spring-2.0.7.jar;D:\MyMavenRepository\org\jetbrains\kotlin\kotlin-stdlib-jdk8\1.6.21\kotlin-stdlib-jdk8-1.6.21.jar;D:\MyMavenRepository\org\jetbrains\kotlin\kotlin-stdlib\1.6.21\kotlin-stdlib-1.6.21.jar;D:\MyMavenRepository\org\jetbrains\kotlin\kotlin-stdlib-common\1.6.21\kotlin-stdlib-common-1.6.21.jar;D:\MyMavenRepository\org\jetbrains\annotations\13.0\annotations-13.0.jar;D:\MyMavenRepository\org\jetbrains\kotlin\kotlin-stdlib-jdk7\1.6.21\kotlin-stdlib-jdk7-1.6.21.jar;D:\MyMavenRepository\org\springframework\boot\spring-boot-starter-jdbc\2.7.5\spring-boot-starter-jdbc-2.7.5.jar;D:\MyMavenRepository\com\zaxxer\HikariCP\4.0.3\HikariCP-4.0.3.jar;D:\MyMavenRepository\org\springframework\spring-jdbc\5.3.23\spring-jdbc-5.3.23.jar;D:\MyMavenRepository\org\springframework\spring-tx\5.3.23\spring-tx-5.3.23.jar;D:\MyMavenRepository\com\alibaba\druid\1.1.10\druid-1.1.10.jar;D:\MyMavenRepository\com\mysql\mysql-connector-j\8.0.31\mysql-connector-j-8.0.31.jar;D:\MyMavenRepository\org\springframework\boot\spring-boot-starter-test\2.7.5\spring-boot-starter-test-2.7.5.jar;D:\MyMavenRepository\org\springframework\boot\spring-boot-test\2.7.5\spring-boot-test-2.7.5.jar;D:\MyMavenRepository\org\springframework\boot\spring-boot-test-autoconfigure\2.7.5\spring-boot-test-autoconfigure-2.7.5.jar;D:\MyMavenRepository\com\jayway\jsonpath\json-path\2.7.0\json-path-2.7.0.jar;D:\MyMavenRepository\net\minidev\json-smart\2.4.8\json-smart-2.4.8.jar;D:\MyMavenRepository\net\minidev\accessors-smart\2.4.8\accessors-smart-2.4.8.jar;D:\MyMavenRepository\org\ow2\asm\asm\9.1\asm-9.1.jar;D:\MyMavenRepository\jakarta\xml\bind\jakarta.xml.bind-api\2.3.3\jakarta.xml.bind-api-2.3.3.jar;D:\MyMavenRepository\jakarta\activation\jakarta.activation-api\1.2.2\jakarta.activation-api-1.2.2.jar;D:\MyMavenRepository\org\assertj\assertj-core\3.22.0\assertj-core-3.22.0.jar;D:\MyMavenRepository\org\hamcrest\hamcrest\2.2\hamcrest-2.2.jar;D:\MyMavenRepository\org\junit\jupiter\junit-jupiter\5.8.2\junit-jupiter-5.8.2.jar;D:\MyMavenRepository\org\junit\jupiter\junit-jupiter-api\5.8.2\junit-jupiter-api-5.8.2.jar;D:\MyMavenRepository\org\opentest4j\opentest4j\1.2.0\opentest4j-1.2.0.jar;D:\MyMavenRepository\org\junit\platform\junit-platform-commons\1.8.2\junit-platform-commons-1.8.2.jar;D:\MyMavenRepository\org\apiguardian\apiguardian-api\1.1.2\apiguardian-api-1.1.2.jar;D:\MyMavenRepository\org\junit\jupiter\junit-jupiter-params\5.8.2\junit-jupiter-params-5.8.2.jar;D:\MyMavenRepository\org\junit\jupiter\junit-jupiter-engine\5.8.2\junit-jupiter-engine-5.8.2.jar;D:\MyMavenRepository\org\junit\platform\junit-platform-engine\1.8.2\junit-platform-engine-1.8.2.jar;D:\MyMavenRepository\org\mockito\mockito-core\4.5.1\mockito-core-4.5.1.jar;D:\MyMavenRepository\net\bytebuddy\byte-buddy\1.12.18\byte-buddy-1.12.18.jar;D:\MyMavenRepository\net\bytebuddy\byte-buddy-agent\1.12.18\byte-buddy-agent-1.12.18.jar;D:\MyMavenRepository\org\objenesis\objenesis\3.2\objenesis-3.2.jar;D:\MyMavenRepository\org\mockito\mockito-junit-jupiter\4.5.1\mockito-junit-jupiter-4.5.1.jar;D:\MyMavenRepository\org\skyscreamer\jsonassert\1.5.1\jsonassert-1.5.1.jar;D:\MyMavenRepository\com\vaadin\external\google\android-json\0.0.20131108.vaadin1\android-json-0.0.20131108.vaadin1.jar;D:\MyMavenRepository\org\springframework\spring-core\5.3.23\spring-core-5.3.23.jar;D:\MyMavenRepository\org\springframework\spring-jcl\5.3.23\spring-jcl-5.3.23.jar;D:\MyMavenRepository\org\springframework\spring-test\5.3.23\spring-test-5.3.23.jar;D:\MyMavenRepository\org\xmlunit\xmlunit-core\2.9.0\xmlunit-core-2.9.0.jar;D:\MyMavenRepository\org\thymeleaf\thymeleaf-spring5\3.0.15.RELEASE\thymeleaf-spring5-3.0.15.RELEASE.jar;D:\MyMavenRepository\org\thymeleaf\thymeleaf\3.0.15.RELEASE\thymeleaf-3.0.15.RELEASE.jar;D:\MyMavenRepository\org\attoparser\attoparser\2.0.5.RELEASE\attoparser-2.0.5.RELEASE.jar;D:\MyMavenRepository\org\unbescape\unbescape\1.1.6.RELEASE\unbescape-1.1.6.RELEASE.jar;D:\MyMavenRepository\org\slf4j\slf4j-api\1.7.36\slf4j-api-1.7.36.jar;"/>
    <property name="sun.cpu.endian" value="little"/>
    <property name="user.home" value="C:\Users\Administrator"/>
    <property name="user.language" value="zh"/>
    <property name="java.specification.vendor" value="Oracle Corporation"/>
    <property name="java.version.date" value="2022-07-19"/>
    <property name="java.home" value="C:\Program Files\Java\jdk-11.0.16"/>
    <property name="file.separator" value="\"/>
    <property name="basedir" value="D:\Demo\java12_boot01\demo01"/>
    <property name="java.vm.compressedOopsMode" value="32-bit"/>
    <property name="line.separator" value="&#10;"/>
    <property name="java.specification.name" value="Java Platform API Specification"/>
    <property name="java.vm.specification.vendor" value="Oracle Corporation"/>
    <property name="java.awt.graphicsenv" value="sun.awt.Win32GraphicsEnvironment"/>
    <property name="surefire.real.class.path" value="C:\Users\ADMINI~1\AppData\Local\Temp\surefire13999728007532784413\surefirebooter1464287423979442277.jar"/>
    <property name="user.script" value=""/>
    <property name="sun.management.compiler" value="HotSpot 64-Bit Tiered Compilers"/>
    <property name="java.runtime.version" value="11.0.16+11-LTS-199"/>
    <property name="user.name" value="Administrator"/>
    <property name="path.separator" value=";"/>
    <property name="os.version" value="10.0"/>
    <property name="java.runtime.name" value="Java(TM) SE Runtime Environment"/>
    <property name="file.encoding" value="GBK"/>
    <property name="java.vm.name" value="Java HotSpot(TM) 64-Bit Server VM"/>
    <property name="java.vendor.version" value="18.9"/>
    <property name="localRepository" value="D:\MyMavenRepository"/>
    <property name="java.vendor.url.bug" value="https://bugreport.java.com/bugreport/"/>
    <property name="java.io.tmpdir" value="C:\Users\ADMINI~1\AppData\Local\Temp\"/>
    <property name="idea.version" value="2022.2.3"/>
    <property name="java.version" value="11.0.16"/>
    <property name="user.dir" value="D:\Demo\java12_boot01\demo01"/>
    <property name="os.arch" value="amd64"/>
    <property name="java.vm.specification.name" value="Java Virtual Machine Specification"/>
    <property name="java.awt.printerjob" value="sun.awt.windows.WPrinterJob"/>
    <property name="sun.os.patch.level" value=""/>
    <property name="java.library.path" value="C:\Program Files\Java\jdk-11.0.16\bin;C:\Windows\Sun\Java\bin;C:\Windows\system32;C:\Windows;C:\Program Files\Common Files\Oracle\Java\javapath;C:\Program Files (x86)\Common Files\Oracle\Java\javapath;C:\Windows\system32;C:\Windows;C:\Windows\System32\Wbem;C:\Windows\System32\WindowsPowerShell\v1.0\;C:\Windows\System32\OpenSSH\;%JAVA_HOME%\bin;C:\Program Files\MySQL\MySQL Server 8.0\bin;C:\Program Files\Bandizip\;D:\apache-maven-3.6.3\bin;C:\Program Files\Git\cmd;C:\Users\Administrator\AppData\Local\Microsoft\WindowsApps;;."/>
    <property name="java.vendor" value="Oracle Corporation"/>
    <property name="java.vm.info" value="mixed mode"/>
    <property name="java.vm.version" value="11.0.16+11-LTS-199"/>
    <property name="sun.io.unicode.encoding" value="UnicodeLittle"/>
    <property name="maven.repo.local" value="D:\MyMavenRepository"/>
    <property name="java.class.version" value="55.0"/>
  </properties>
  <testcase name="delete" classname="org.hj.boot.TestMP" time="0.586"/>
  <testcase name="addUser" classname="org.hj.boot.TestMP" time="0.011"/>
  <testcase name="findAll" classname="org.hj.boot.TestMP" time="0.032"/>
  <testcase name="testSelectBatch" classname="org.hj.boot.TestMP" time="0.005"/>
  <testcase name="testDeleteId" classname="org.hj.boot.TestMP" time="0.007"/>
</testsuite>